<?xml version="1.0" encoding="UTF-8"?>
<robot generator="Robot 4.0.3 (Python 3.8.10 on win32)" generated="20210708 22:13:27.194" rpa="false" schemaversion="2">
<suite id="s1" name="Test Calculator" source="c:\Users\rafae\Desktop\Nova pasta\Python\Data_Science\Data_Science_Academy\Cap03\Lab02\Test_Calculator.robot">
<test id="s1-t1" name="Subtraction Should Work">
<kw name="Calculator Func" library="Calculator_function">
<var>${result}</var>
<arg>2</arg>
<arg>1</arg>
<arg>4</arg>
<msg timestamp="20210708 22:13:27.229" level="INFO">${result} = -3.0</msg>
<status status="PASS" starttime="20210708 22:13:27.229" endtime="20210708 22:13:27.229"/>
</kw>
<kw name="Should Be Equal As Numbers" library="BuiltIn">
<arg>${Result}</arg>
<arg>-3.0</arg>
<doc>Fails if objects are unequal after converting them to real numbers.</doc>
<msg timestamp="20210708 22:13:27.237" level="INFO">Argument types are:
&lt;class 'float'&gt;
&lt;type 'unicode'&gt;</msg>
<status status="PASS" starttime="20210708 22:13:27.237" endtime="20210708 22:13:27.237"/>
</kw>
<status status="PASS" starttime="20210708 22:13:27.229" endtime="20210708 22:13:27.238"/>
</test>
<test id="s1-t2" name="Subtraction Should Work">
<kw name="Calculator Func" library="Calculator_function">
<var>${result}</var>
<arg>2</arg>
<arg>1</arg>
<arg>4</arg>
<msg timestamp="20210708 22:13:27.239" level="INFO">${result} = -3.0</msg>
<status status="PASS" starttime="20210708 22:13:27.238" endtime="20210708 22:13:27.239"/>
</kw>
<kw name="Should Be Equal As Numbers" library="BuiltIn">
<arg>${Result}</arg>
<arg>-3.0</arg>
<doc>Fails if objects are unequal after converting them to real numbers.</doc>
<msg timestamp="20210708 22:13:27.239" level="INFO">Argument types are:
&lt;class 'float'&gt;
&lt;type 'unicode'&gt;</msg>
<status status="PASS" starttime="20210708 22:13:27.239" endtime="20210708 22:13:27.239"/>
</kw>
<status status="PASS" starttime="20210708 22:13:27.238" endtime="20210708 22:13:27.239"/>
</test>
<status status="PASS" starttime="20210708 22:13:27.198" endtime="20210708 22:13:27.240"/>
</suite>
<statistics>
<total>
<stat pass="2" fail="0" skip="0">All Tests</stat>
</total>
<tag>
</tag>
<suite>
<stat pass="2" fail="0" skip="0" id="s1" name="Test Calculator">Test Calculator</stat>
</suite>
</statistics>
<errors>
<msg timestamp="20210708 22:13:27.238" level="WARN">Multiple test cases with name 'Subtraction Should Work' executed in test suite 'Test Calculator'.</msg>
</errors>
</robot>
